Removed Pin From Net: NetName=GND Pin=Cm1-1
Removed Pin From Net: NetName=VCC Pin=Cm1-2
Removed Pin From Net: NetName=GND Pin=Cm2-1
Removed Pin From Net: NetName=GND Pin=Ct1-1
Removed Pin From Net: NetName=AVCC Pin=Ct1-2
Removed Pin From Net: NetName=GND Pin=H1-1
Removed Pin From Net: NetName=VIN Pin=H1-2
Removed Pin From Net: NetName=RXD0 Pin=H1-3
Removed Pin From Net: NetName=TXD0 Pin=H1-4
Removed Pin From Net: NetName=GND Pin=H2-1
Removed Pin From Net: NetName=VIN Pin=H2-2
Removed Pin From Net: NetName=RXD1 Pin=H2-3
Removed Pin From Net: NetName=TXD1 Pin=H2-4
Removed Pin From Net: NetName=GND Pin=H3-1
Removed Pin From Net: NetName=VIN Pin=H3-2
Removed Pin From Net: NetName=RXD2 Pin=H3-3
Removed Pin From Net: NetName=TXD2 Pin=H3-4
Removed Pin From Net: NetName=GND Pin=H4-1
Removed Pin From Net: NetName=VIN Pin=H4-2
Removed Pin From Net: NetName=TXD3 Pin=H4-3
Removed Pin From Net: NetName=RXD3 Pin=H4-4
Removed Pin From Net: NetName=GND Pin=H5-1
Removed Pin From Net: NetName=VIN Pin=H5-2
Removed Pin From Net: NetName=TXD4 Pin=H5-3
Removed Pin From Net: NetName=RXD4 Pin=H5-4
Removed Pin From Net: NetName=GND Pin=H6-1
Removed Pin From Net: NetName=VIN Pin=H6-2
Removed Pin From Net: NetName=TXD5 Pin=H6-3
Removed Pin From Net: NetName=RXD5 Pin=H6-4
Removed Pin From Net: NetName=SCL Pin=MPR-2
Removed Pin From Net: NetName=SDA Pin=MPR-3
Removed Pin From Net: NetName=GND Pin=MPR-4
Removed Pin From Net: NetName=GND Pin=MPR-6
Removed Pin From Net: NetName=VCC Pin=MPR-20
Removed Pin From Net: NetName=SCL Pin=Rm1-1
Removed Pin From Net: NetName=VCC Pin=Rm1-2
Removed Pin From Net: NetName=SDA Pin=Rm2-1
Removed Pin From Net: NetName=VCC Pin=Rm2-2
Removed Pin From Net: NetName=VCC Pin=Rm3-2
Removed Pin From Net: NetName=GND Pin=Rm4-1
Removed Pin From Net: NetName=ADCB0 Pin=Rt1-1
Removed Pin From Net: NetName=GND Pin=T1-3
Removed Pin From Net: NetName=AVCC Pin=T1-4
Removed Member From Class: ClassName=ss Member=A1
Removed Member From Class: ClassName=ss Member=A1
Removed Member From Class: ClassName=ss Member=A1
Removed Member From Class: ClassName=ss Member=A1
Removed Member From Class: ClassName=ss Member=A1
Removed Member From Class: ClassName=ss Member=Cm1
Removed Member From Class: ClassName=ss Member=Cm2
Removed Member From Class: ClassName=ss Member=Ct1
Removed Member From Class: ClassName=ss Member=H1
Removed Member From Class: ClassName=ss Member=H1
Removed Member From Class: ClassName=ss Member=H2
Removed Member From Class: ClassName=ss Member=H2
Removed Member From Class: ClassName=ss Member=H3
Removed Member From Class: ClassName=ss Member=H3
Removed Member From Class: ClassName=ss Member=H4
Removed Member From Class: ClassName=ss Member=H4
Removed Member From Class: ClassName=ss Member=H5
Removed Member From Class: ClassName=ss Member=H5
Removed Member From Class: ClassName=ss Member=H6
Removed Member From Class: ClassName=ss Member=H6
Removed Member From Class: ClassName=ss Member=MPR
Removed Member From Class: ClassName=ss Member=Rm1
Removed Member From Class: ClassName=ss Member=Rm2
Removed Member From Class: ClassName=ss Member=Rm3
Removed Member From Class: ClassName=ss Member=Rm4
Removed Member From Class: ClassName=ss Member=Rt1
Removed Member From Class: ClassName=ss Member=T1
Change Component Comment : Designator=MCU Old Comment=ATMEL_XMEGA128 New Comment=ATMEL_XMEGA128A3
Change Class Name : Old Net Name=ss New Net Name=molecule
Added Room: Name=molecule
